 Copyright (C) 1995-2019 - All Rights Reserved
 University Corporation for Atmospheric Research
 NCAR Command Language Version 6.6.2
 The use of this software is governed by a License Agreement.
 See http://www.ncl.ucar.edu/ for more details.
Starting: namelist.ncl
Finished: namelist.ncl
(0)	Starting: snd.trends.ncl
(0)	File missing, creating blank array of data. View SNOWDP namelist for details.
(0)	File missing, creating blank array of data. View SNOWDP namelist for details.
(0)	File missing, creating blank array of data. View SNOWDP namelist for details.
(0)	File missing, creating blank array of data. View SNOWDP namelist for details.
(0)	File missing, creating blank array of data. View SNOWDP namelist for details.
(0)	File missing, creating blank array of data. View SNOWDP namelist for details.
(0)	Finished: snd.trends.ncl
(0)	Starting: tas.trends_timeseries.ncl
(0)	File missing, creating blank array of data. View TREFHT namelist for details.
(0)	File missing, creating blank array of data. View TREFHT namelist for details.
(0)	Finished: tas.trends_timeseries.ncl
(0)	Starting: psl.trends.ncl
(0)	Finished: psl.trends.ncl
(0)	Starting: pdo.ncl
(0)	File missing, creating blank array of data. View TREFHT namelist for details.
(0)	File missing, creating blank array of data. View TREFHT namelist for details.
(0)	Finished: pdo.ncl
(0)	Starting: amo.ncl
(0)	File missing, creating blank array of data. View TREFHT namelist for details.
(0)	File missing, creating blank array of data. View TREFHT namelist for details.
(0)	Finished: amo.ncl
(0)	Starting: pr.trends_timeseries.ncl
(0)	Finished: pr.trends_timeseries.ncl
(0)	Starting: psl.pna_npo.ncl
(0)	File missing, creating blank array of data. View TREFHT namelist for details.
(0)	File missing, creating blank array of data. View TREFHT namelist for details.
(0)	Finished: psl.pna_npo.ncl
(0)	Starting: sst.indices.ncl
(0)	File missing, creating blank array of data. View TREFHT namelist for details.
(0)	File missing, creating blank array of data. View TREFHT namelist for details.
(0)	Finished: sst.indices.ncl
(0)	Starting: sst.mean_stddev.ncl
(0)	Finished: sst.mean_stddev.ncl
(0)	Starting: psl.nam_nao.ncl
(0)	File missing, creating blank array of data. View TREFHT namelist for details.
(0)	File missing, creating blank array of data. View TREFHT namelist for details.
(0)	Finished: psl.nam_nao.ncl
(0)	Starting: pr.mean_stddev.ncl
(0)	Finished: pr.mean_stddev.ncl
(0)	Starting: psl.mean_stddev.ncl
(0)	Finished: psl.mean_stddev.ncl
(0)	Starting: tas.mean_stddev.ncl
(0)	File missing, creating blank array of data. View TREFHT namelist for details.
(0)	File missing, creating blank array of data. View TREFHT namelist for details.
(0)	Finished: tas.mean_stddev.ncl
(0)	Starting: sst.trends_timeseries.ncl
(0)	Finished: sst.trends_timeseries.ncl
(0)	Starting: ipo.ncl
(0)	File missing, creating blank array of data. View TREFHT namelist for details.
(0)	File missing, creating blank array of data. View TREFHT namelist for details.
(0)	Finished: ipo.ncl
(0)	Starting: psl.sam_psa.ncl
(0)	File missing, creating blank array of data. View TREFHT namelist for details.
(0)	File missing, creating blank array of data. View TREFHT namelist for details.
(0)	Finished: psl.sam_psa.ncl
runTasks.py: Done with CVDP calculation scripts
Starting: ncfiles.append.ncl
Finished: ncfiles.append.ncl
Starting: metrics.ncl
Finished: metrics.ncl
Starting: webpage.ncl
Finished: webpage.ncl
(0)	Starting: Climate Variability Diagnostics Package (Mon 27 Oct 2025 08:18:14 PM MDT)
(0)	Finished: Climate Variability Diagnostics Package (Mon 27 Oct 2025 08:42:20 PM MDT)
